<?xml version="1.0" encoding="UTF-8"?>
<!-- Generated by org.testng.reporters.JUnitReportReporter -->
<testsuite hostname="ashwij-mac.roam.internal" failures="0" tests="1" name="tests.Serialization" time="1.088" errors="0" timestamp="2025-07-15T14:34:19 IST" skipped="0">
  <testcase classname="tests.Serialization" name="serialization" time="1.088"/>
</testsuite> <!-- tests.Serialization -->
