<?xml version="1.0" encoding="UTF-8"?>
<!-- Generated by org.testng.reporters.JUnitReportReporter -->
<testsuite hostname="ashwij-mac.roam.internal" failures="0" tests="2" name="tests.Get_Post_Practice" time="1.385" errors="0" timestamp="2025-07-15T12:32:44 IST" skipped="0">
  <testcase classname="tests.Get_Post_Practice" name="get" time="0.866"/>
  <testcase classname="tests.Get_Post_Practice" name="post" time="0.519"/>
</testsuite> <!-- tests.Get_Post_Practice -->
