<?xml version="1.0" encoding="UTF-8"?>
<!-- Generated by org.testng.reporters.JUnitReportReporter -->
<testsuite hostname="ashwij-mac.roam.internal" failures="0" tests="1" name="tests.API_Practice" time="0.758" errors="0" timestamp="2025-07-09T16:05:34 IST" skipped="0">
  <testcase classname="tests.API_Practice" name="test2" time="0.758"/>
</testsuite> <!-- tests.API_Practice -->
